<?xml version="1.0" encoding="UTF-8"?>
<!-- Generated by org.testng.reporters.JUnitReportReporter -->
<testsuite skipped="1" hostname="DESKTOP-6HVRKEU" name="com.demoblaze.DemoBlaze" tests="2" failures="0" timestamp="2022-02-13T00:24:48 IST" time="58.895" errors="0">
  <testcase name="login" time="58.895" classname="com.demoblaze.DemoBlaze"/>
  <system-out/>
  <testcase name="Reg" classname="com.demoblaze.DemoBlaze">
    <skipped/>
  </testcase> <!-- Reg -->
  <system-out/>
</testsuite> <!-- com.demoblaze.DemoBlaze -->
