<?xml version="1.0" encoding="UTF-8"?>
<!-- Generated by org.testng.reporters.JUnitReportReporter -->
<testsuite skipped="1" hostname="DESKTOP-6HVRKEU" name="com.tamilnaduonlinestore.TamilnaduOnlineStore" tests="2" failures="0" timestamp="2022-02-03T17:31:46 IST" time="58.613" errors="0">
  <testcase name="login" time="58.613" classname="com.tamilnaduonlinestore.TamilnaduOnlineStore"/>
  <system-out/>
  <testcase name="Reg" classname="com.tamilnaduonlinestore.TamilnaduOnlineStore">
    <skipped/>
  </testcase> <!-- Reg -->
  <system-out/>
</testsuite> <!-- com.tamilnaduonlinestore.TamilnaduOnlineStore -->
